2020-10-13 10:20:02,808 INFO  [Test] <--------------------Browser: chrome-------------------->
 
2020-10-13 10:20:07,713 INFO  [Test] Input to User Name text box:  
2020-10-13 10:20:07,857 INFO  [Test] Input to Password text box:  
2020-10-13 10:20:07,979 INFO  [Test] Click on Login Button 
2020-10-13 10:20:10,045 INFO  [Test] <--------------------Testcase 001-------------------->
 
2020-10-13 10:20:10,045 INFO  [Test] Step: Click on New Article in Content Tab 
2020-10-13 10:20:11,268 INFO  [Test] Close browser
 
2020-10-13 10:20:21,410 INFO  [Test] <--------------------Browser: firefox-------------------->
 
2020-10-13 10:20:24,203 INFO  [Test] Input to User Name text box:  
2020-10-13 10:20:24,336 INFO  [Test] Input to Password text box:  
2020-10-13 10:20:24,705 INFO  [Test] Click on Login Button 
2020-10-13 10:20:26,422 INFO  [Test] <--------------------Testcase 001-------------------->
 
2020-10-13 10:20:26,423 INFO  [Test] Step: Click on New Article in Content Tab 
2020-10-13 10:20:26,537 INFO  [Test] Close browser
 
2020-10-13 10:20:35,547 INFO  [Test] <--------------------Browser: edge-------------------->
 
2020-10-13 10:20:40,702 INFO  [Test] Input to User Name text box:  
2020-10-13 10:20:40,834 INFO  [Test] Input to Password text box:  
2020-10-13 10:20:40,945 INFO  [Test] Click on Login Button 
2020-10-13 10:20:42,564 INFO  [Test] <--------------------Testcase 001-------------------->
 
2020-10-13 10:20:42,564 INFO  [Test] Step: Click on New Article in Content Tab 
2020-10-13 10:20:43,701 INFO  [Test] Close browser
 
2020-10-13 10:21:09,475 INFO  [Test] <--------------------Browser: chrome-------------------->
 
2020-10-13 10:21:23,333 INFO  [Test] <--------------------Browser: chrome-------------------->
 
2020-10-13 10:21:28,224 INFO  [Test] Input to User Name text box:  
2020-10-13 10:21:28,365 INFO  [Test] Input to Password text box:  
2020-10-13 10:21:28,545 INFO  [Test] Click on Login Button 
2020-10-13 10:21:30,198 INFO  [Test] <--------------------Testcase 001-------------------->
 
2020-10-13 10:21:30,198 INFO  [Test] Step: Click on New Article in Content Tab 
2020-10-13 10:21:37,461 INFO  [Test] Step: Input a title on 'Title' field 
2020-10-13 10:21:37,682 INFO  [Test] Close browser
 
2020-10-13 10:21:43,573 INFO  [Test] <--------------------Browser: firefox-------------------->
 
2020-10-13 10:21:46,298 INFO  [Test] Input to User Name text box:  
2020-10-13 10:21:46,380 INFO  [Test] Input to Password text box:  
2020-10-13 10:21:46,436 INFO  [Test] Click on Login Button 
2020-10-13 10:21:49,399 INFO  [Test] <--------------------Testcase 001-------------------->
 
2020-10-13 10:21:49,399 INFO  [Test] Step: Click on New Article in Content Tab 
2020-10-13 10:21:58,653 INFO  [Test] Step: Input a title on 'Title' field 
2020-10-13 10:21:58,787 INFO  [Test] Close browser
 
2020-10-13 10:23:38,204 INFO  [Test] <--------------------Browser: chrome-------------------->
 
2020-10-13 10:23:43,011 INFO  [Test] Input to User Name text box:  
2020-10-13 10:23:43,134 INFO  [Test] Input to Password text box:  
2020-10-13 10:23:43,291 INFO  [Test] Click on Login Button 
2020-10-13 10:23:44,976 INFO  [Test] <--------------------Testcase 001-------------------->
 
2020-10-13 10:23:44,976 INFO  [Test] Step: Click on New Article in Content Tab 
2020-10-13 10:23:51,463 INFO  [Test] Step: Input a title on 'Title' field 
2020-10-13 10:23:51,692 INFO  [Test] Close browser
 
2020-10-13 10:23:57,247 INFO  [Test] <--------------------Browser: firefox-------------------->
 
2020-10-13 10:24:00,691 INFO  [Test] Input to User Name text box:  
2020-10-13 10:24:00,800 INFO  [Test] Input to Password text box:  
2020-10-13 10:24:00,921 INFO  [Test] Click on Login Button 
2020-10-13 10:24:02,655 INFO  [Test] <--------------------Testcase 001-------------------->
 
2020-10-13 10:24:02,655 INFO  [Test] Step: Click on New Article in Content Tab 
2020-10-13 10:24:09,501 INFO  [Test] Step: Input a title on 'Title' field 
2020-10-13 10:24:09,636 INFO  [Test] Close browser
 
2020-10-13 10:25:13,505 INFO  [Test] <--------------------Browser: chrome-------------------->
 
2020-10-13 10:25:18,471 INFO  [Test] Input to User Name text box:  
2020-10-13 10:25:18,582 INFO  [Test] Input to Password text box:  
2020-10-13 10:25:18,674 INFO  [Test] Click on Login Button 
2020-10-13 10:25:20,322 INFO  [Test] <--------------------Testcase 001-------------------->
 
2020-10-13 10:25:20,323 INFO  [Test] Step: Click on New Article in Content Tab 
2020-10-13 10:25:26,344 INFO  [Test] Step: Input a title on 'Title' field 
2020-10-13 10:25:26,594 INFO  [Test] Close browser
 
2020-10-13 10:25:32,227 INFO  [Test] <--------------------Browser: firefox-------------------->
 
2020-10-13 10:25:34,971 INFO  [Test] Input to User Name text box:  
2020-10-13 10:25:35,066 INFO  [Test] Input to Password text box:  
2020-10-13 10:25:35,123 INFO  [Test] Click on Login Button 
2020-10-13 10:25:36,824 INFO  [Test] <--------------------Testcase 001-------------------->
 
2020-10-13 10:25:36,824 INFO  [Test] Step: Click on New Article in Content Tab 
2020-10-13 10:25:37,524 INFO  [Test] Step: Input a title on 'Title' field 
2020-10-13 10:25:37,560 INFO  [Test] Close browser
 
2020-10-13 10:29:26,416 INFO  [Test] <--------------------Browser: chrome-------------------->
 
2020-10-13 10:29:31,192 INFO  [Test] Input to User Name text box:  
2020-10-13 10:29:31,315 INFO  [Test] Input to Password text box:  
2020-10-13 10:29:31,434 INFO  [Test] Click on Login Button 
2020-10-13 10:29:33,068 INFO  [Test] <--------------------Testcase 001-------------------->
 
2020-10-13 10:29:33,068 INFO  [Test] Step: Click on New Article in Content Tab 
2020-10-13 10:29:39,169 INFO  [Test] Step: Input a title on 'Title' field 
2020-10-13 10:29:39,462 INFO  [Test] Close browser
 
2020-10-13 10:29:45,046 INFO  [Test] <--------------------Browser: firefox-------------------->
 
2020-10-13 10:29:47,759 INFO  [Test] Input to User Name text box:  
2020-10-13 10:29:47,844 INFO  [Test] Input to Password text box:  
2020-10-13 10:29:47,899 INFO  [Test] Click on Login Button 
2020-10-13 10:29:49,418 INFO  [Test] <--------------------Testcase 001-------------------->
 
2020-10-13 10:29:49,418 INFO  [Test] Step: Click on New Article in Content Tab 
2020-10-13 10:29:55,848 INFO  [Test] Step: Input a title on 'Title' field 
2020-10-13 10:29:56,062 INFO  [Test] Step: Input value on 'Article Text' text area 
2020-10-13 10:29:56,091 INFO  [Test] Close browser
 
2020-10-13 10:30:00,917 INFO  [Test] <--------------------Browser: edge-------------------->
 
2020-10-13 10:31:47,285 INFO  [Test] <--------------------Browser: chrome-------------------->
 
2020-10-13 10:31:52,259 INFO  [Test] Input to User Name text box:  
2020-10-13 10:31:52,380 INFO  [Test] Input to Password text box:  
2020-10-13 10:31:52,507 INFO  [Test] Click on Login Button 
2020-10-13 10:31:54,239 INFO  [Test] <--------------------Testcase 001-------------------->
 
2020-10-13 10:31:54,240 INFO  [Test] Step: Click on New Article in Content Tab 
2020-10-13 10:32:00,743 INFO  [Test] Step: Input a title on 'Title' field 
2020-10-13 10:32:00,949 INFO  [Test] Step: Click on Category drop box 
2020-10-13 10:32:01,021 INFO  [Test] Close browser
 
2020-10-13 10:37:06,452 INFO  [Test] <--------------------Browser: chrome-------------------->
 
2020-10-13 10:37:11,666 INFO  [Test] Input to User Name text box:  
2020-10-13 10:37:11,813 INFO  [Test] Input to Password text box:  
2020-10-13 10:37:11,915 INFO  [Test] Click on Login Button 
2020-10-13 10:37:13,458 INFO  [Test] <--------------------Testcase 001-------------------->
 
2020-10-13 10:37:13,458 INFO  [Test] Step: Click on New Article in Content Tab 
2020-10-13 10:37:20,052 INFO  [Test] Step: Input a title on 'Title' field 
2020-10-13 10:37:20,226 INFO  [Test] Step: Click on Category drop box 
2020-10-13 10:37:20,289 INFO  [Test] Close browser
 
2020-10-13 10:37:25,879 INFO  [Test] <--------------------Browser: firefox-------------------->
 
2020-10-13 10:37:28,619 INFO  [Test] Input to User Name text box:  
2020-10-13 10:37:28,704 INFO  [Test] Input to Password text box:  
2020-10-13 10:37:28,761 INFO  [Test] Click on Login Button 
2020-10-13 10:37:30,469 INFO  [Test] <--------------------Testcase 001-------------------->
 
2020-10-13 10:37:30,470 INFO  [Test] Step: Click on New Article in Content Tab 
2020-10-13 10:37:37,916 INFO  [Test] Step: Input a title on 'Title' field 
2020-10-13 10:37:38,029 INFO  [Test] Step: Click on Category drop box 
2020-10-13 10:37:38,078 INFO  [Test] Close browser
 
2020-10-13 10:37:52,543 INFO  [Test] <--------------------Browser: chrome-------------------->
 
2020-10-13 10:37:57,318 INFO  [Test] Input to User Name text box:  
2020-10-13 10:37:57,406 INFO  [Test] Input to Password text box:  
2020-10-13 10:37:57,502 INFO  [Test] Click on Login Button 
2020-10-13 10:37:59,120 INFO  [Test] <--------------------Testcase 001-------------------->
 
2020-10-13 10:37:59,120 INFO  [Test] Step: Click on New Article in Content Tab 
2020-10-13 10:38:05,224 INFO  [Test] Step: Input a title on 'Title' field 
2020-10-13 10:38:05,417 INFO  [Test] Step: Click on Category drop box 
2020-10-13 10:38:05,486 INFO  [Test] Close browser
 
2020-10-13 10:38:10,596 INFO  [Test] <--------------------Browser: firefox-------------------->
 
2020-10-13 10:38:13,841 INFO  [Test] Input to User Name text box:  
2020-10-13 10:38:13,925 INFO  [Test] Input to Password text box:  
2020-10-13 10:38:13,980 INFO  [Test] Click on Login Button 
2020-10-13 10:38:15,645 INFO  [Test] <--------------------Testcase 001-------------------->
 
2020-10-13 10:38:15,645 INFO  [Test] Step: Click on New Article in Content Tab 
2020-10-13 10:38:29,797 INFO  [Test] <--------------------Browser: chrome-------------------->
 
2020-10-13 10:38:34,651 INFO  [Test] Input to User Name text box:  
2020-10-13 10:38:34,752 INFO  [Test] Input to Password text box:  
2020-10-13 10:38:34,847 INFO  [Test] Click on Login Button 
2020-10-13 10:38:36,447 INFO  [Test] <--------------------Testcase 001-------------------->
 
2020-10-13 10:38:36,447 INFO  [Test] Step: Click on New Article in Content Tab 
2020-10-13 10:38:42,667 INFO  [Test] Step: Input a title on 'Title' field 
2020-10-13 10:38:42,862 INFO  [Test] Step: Input value on 'Article Text' text area 
2020-10-13 10:38:42,904 INFO  [Test] Close browser
 
2020-10-13 10:38:48,411 INFO  [Test] <--------------------Browser: firefox-------------------->
 
2020-10-13 10:38:51,128 INFO  [Test] Input to User Name text box:  
2020-10-13 10:38:51,208 INFO  [Test] Input to Password text box:  
2020-10-13 10:38:51,261 INFO  [Test] Click on Login Button 
2020-10-13 10:42:00,919 INFO  [Test] <--------------------Browser: chrome-------------------->
 
2020-10-13 10:42:05,700 INFO  [Test] Input to User Name text box:  
2020-10-13 10:42:05,836 INFO  [Test] Input to Password text box:  
2020-10-13 10:42:05,943 INFO  [Test] Click on Login Button 
2020-10-13 10:42:07,717 INFO  [Test] <--------------------Testcase 001-------------------->
 
2020-10-13 10:42:07,718 INFO  [Test] Step: Click on New Article in Content Tab 
2020-10-13 10:42:14,024 INFO  [Test] Step: Input a title on 'Title' field 
2020-10-13 10:42:14,107 INFO  [Test] Step: Input value on 'Article Text' text area 
2020-10-13 10:42:14,148 INFO  [Test] Close browser
 
2020-10-13 10:42:19,771 INFO  [Test] <--------------------Browser: firefox-------------------->
 
2020-10-13 10:42:32,610 INFO  [Test] <--------------------Browser: chrome-------------------->
 
2020-10-13 10:42:37,553 INFO  [Test] Input to User Name text box:  
2020-10-13 10:42:37,681 INFO  [Test] Input to Password text box:  
2020-10-13 10:42:37,874 INFO  [Test] Click on Login Button 
2020-10-13 10:42:39,635 INFO  [Test] <--------------------Testcase 001-------------------->
 
2020-10-13 10:42:39,636 INFO  [Test] Step: Click on New Article in Content Tab 
2020-10-13 10:42:50,208 INFO  [Test] Step: Input a title on 'Title' field 
2020-10-13 10:42:50,402 INFO  [Test] Step: Input value on 'Article Text' text area 
2020-10-13 10:42:50,449 INFO  [Test] Close browser
 
2020-10-13 10:42:56,136 INFO  [Test] <--------------------Browser: firefox-------------------->
 
2020-10-13 10:44:55,034 INFO  [Test] <--------------------Browser: chrome-------------------->
 
2020-10-13 10:45:00,350 INFO  [Test] Input to User Name text box:  
2020-10-13 10:45:00,472 INFO  [Test] Input to Password text box:  
2020-10-13 10:45:00,643 INFO  [Test] Click on Login Button 
2020-10-13 10:45:03,592 INFO  [Test] <--------------------Testcase 001-------------------->
 
2020-10-13 10:45:03,593 INFO  [Test] Step: Click on New Article in Content Tab 
2020-10-13 10:45:14,490 INFO  [Test] Step: Input a title on 'Title' field 
2020-10-13 10:45:14,688 INFO  [Test] Step: Input value on 'Article Text' text area 
2020-10-13 10:45:14,875 INFO  [Test] Step: Click on 'Save & Close' icon of the top right toolbar 
2020-10-13 10:45:17,117 INFO  [Test] Close browser
 
2020-10-13 10:45:23,029 INFO  [Test] <--------------------Browser: firefox-------------------->
 
2020-10-13 10:45:25,735 INFO  [Test] Input to User Name text box:  
2020-10-13 10:45:25,818 INFO  [Test] Input to Password text box:  
2020-10-13 10:45:25,871 INFO  [Test] Click on Login Button 
2020-10-13 10:45:27,412 INFO  [Test] <--------------------Testcase 001-------------------->
 
2020-10-13 10:45:27,413 INFO  [Test] Step: Click on New Article in Content Tab 
2020-10-13 10:45:36,799 INFO  [Test] Step: Input a title on 'Title' field 
2020-10-13 10:45:36,903 INFO  [Test] Step: Input value on 'Article Text' text area 
2020-10-13 10:45:37,036 INFO  [Test] Step: Click on 'Save & Close' icon of the top right toolbar 
2020-10-13 10:45:39,999 INFO  [Test] Close browser
 
2020-10-13 10:47:42,896 INFO  [Test] <--------------------Browser: chrome-------------------->
 
2020-10-13 10:47:47,688 INFO  [Test] Input to User Name text box:  
2020-10-13 10:47:47,821 INFO  [Test] Input to Password text box:  
2020-10-13 10:47:47,965 INFO  [Test] Click on Login Button 
2020-10-13 10:47:50,040 INFO  [Test] <--------------------Testcase 001-------------------->
 
2020-10-13 10:47:50,040 INFO  [Test] Step: Click on New Article in Content Tab 
2020-10-13 10:47:58,092 INFO  [Test] Step: Input a title on 'Title' field 
2020-10-13 10:47:58,280 INFO  [Test] Step: Input value on 'Article Text' text area 
2020-10-13 10:47:58,428 INFO  [Test] Step: Click on 'Save & Close' icon of the top right toolbar 
2020-10-13 10:48:00,427 INFO  [Test] Close browser
 
2020-10-13 10:48:06,194 INFO  [Test] <--------------------Browser: firefox-------------------->
 
2020-10-13 10:48:08,936 INFO  [Test] Input to User Name text box:  
2020-10-13 10:48:09,094 INFO  [Test] Input to Password text box:  
2020-10-13 10:48:09,178 INFO  [Test] Click on Login Button 
2020-10-13 10:48:10,899 INFO  [Test] <--------------------Testcase 001-------------------->
 
2020-10-13 10:48:10,900 INFO  [Test] Step: Click on New Article in Content Tab 
2020-10-13 10:48:20,753 INFO  [Test] Step: Input a title on 'Title' field 
2020-10-13 10:48:20,859 INFO  [Test] Step: Input value on 'Article Text' text area 
2020-10-13 10:48:20,982 INFO  [Test] Step: Click on 'Save & Close' icon of the top right toolbar 
2020-10-13 10:48:23,544 INFO  [Test] Close browser
 
2020-10-13 10:48:28,553 INFO  [Test] <--------------------Browser: edge-------------------->
 
2020-10-13 10:48:34,047 INFO  [Test] Input to User Name text box:  
2020-10-13 10:48:34,188 INFO  [Test] Input to Password text box:  
2020-10-13 10:48:34,335 INFO  [Test] Click on Login Button 
2020-10-13 10:48:36,013 INFO  [Test] <--------------------Testcase 001-------------------->
 
2020-10-13 10:48:36,014 INFO  [Test] Step: Click on New Article in Content Tab 
2020-10-13 10:48:51,702 INFO  [Test] <--------------------Browser: chrome-------------------->
 
2020-10-13 10:48:57,925 INFO  [Test] Input to User Name text box:  
2020-10-13 10:48:58,011 INFO  [Test] Input to Password text box:  
2020-10-13 10:48:58,104 INFO  [Test] Click on Login Button 
2020-10-13 10:49:00,955 INFO  [Test] <--------------------Testcase 001-------------------->
 
2020-10-13 10:49:00,955 INFO  [Test] Step: Click on New Article in Content Tab 
2020-10-13 10:49:14,482 INFO  [Test] Step: Input a title on 'Title' field 
2020-10-13 10:49:14,678 INFO  [Test] Step: Input value on 'Article Text' text area 
2020-10-13 10:49:14,836 INFO  [Test] Step: Click on 'Save & Close' icon of the top right toolbar 
2020-10-13 10:49:19,048 INFO  [Test] Close browser
 
2020-10-13 10:49:24,808 INFO  [Test] <--------------------Browser: firefox-------------------->
 
2020-10-13 10:49:25,848 INFO  [Test] Input to User Name text box:  
2020-10-13 11:00:50,041 INFO  [Test] <--------------------Browser: chrome-------------------->
 
2020-10-13 11:00:54,844 INFO  [Test] Input to User Name text box:  
2020-10-13 11:00:54,964 INFO  [Test] Input to Password text box:  
2020-10-13 11:00:55,122 INFO  [Test] Click on Login Button 
2020-10-13 11:00:59,557 INFO  [Test] <--------------------Testcase 001-------------------->
 
2020-10-13 11:00:59,558 INFO  [Test] Step: Click on New Article in Content Tab 
2020-10-13 11:01:08,708 INFO  [Test] Step: Input a title on 'Title' field 
2020-10-13 11:01:08,885 INFO  [Test] Step: Input value on 'Article Text' text area 
2020-10-13 11:01:09,053 INFO  [Test] Step: Click on 'Save & Close' icon of the top right toolbar 
2020-10-13 11:01:12,146 INFO  [Test] Close browser
 
2020-10-13 11:01:53,015 INFO  [Test] <--------------------Browser: chrome-------------------->
 
2020-10-13 11:02:49,260 INFO  [Test] <--------------------Browser: chrome-------------------->
 
2020-10-13 11:03:01,731 INFO  [Test] Input to User Name text box:  
2020-10-13 11:03:01,813 INFO  [Test] Input to Password text box:  
2020-10-13 11:03:01,909 INFO  [Test] Click on Login Button 
2020-10-13 11:03:03,897 INFO  [Test] <--------------------Testcase 001-------------------->
 
2020-10-13 11:03:03,897 INFO  [Test] Step: Click on New Article in Content Tab 
2020-10-13 11:03:17,779 INFO  [Test] Step: Input a title on 'Title' field 
2020-10-13 11:03:17,966 INFO  [Test] Step: Input value on 'Article Text' text area 
2020-10-13 11:03:18,117 INFO  [Test] Step: Click on 'Save & Close' icon of the top right toolbar 
2020-10-13 11:03:20,824 INFO  [Test] Close browser
 
2020-10-13 11:03:52,313 INFO  [Test] <--------------------Browser: chrome-------------------->
 
2020-10-13 11:04:02,630 INFO  [Test] Input to User Name text box:  
2020-10-13 11:04:02,780 INFO  [Test] Input to Password text box:  
2020-10-13 11:04:02,882 INFO  [Test] Click on Login Button 
2020-10-13 11:04:06,634 INFO  [Test] <--------------------Testcase 001-------------------->
 
2020-10-13 11:04:06,635 INFO  [Test] Step: Click on New Article in Content Tab 
2020-10-13 11:04:14,256 INFO  [Test] Step: Input a title on 'Title' field 
2020-10-13 11:04:14,446 INFO  [Test] Step: Input value on 'Article Text' text area 
2020-10-13 11:04:14,602 INFO  [Test] Step: Click on 'Save & Close' icon of the top right toolbar 
2020-10-13 11:04:40,657 INFO  [Test] Close browser
 
2020-10-13 11:04:46,608 INFO  [Test] <--------------------Browser: firefox-------------------->
 
2020-10-13 11:04:47,535 INFO  [Test] Input to User Name text box:  
2020-10-13 11:10:21,404 INFO  [Test] <--------------------Browser: chrome-------------------->
 
2020-10-13 11:10:38,368 INFO  [Test] Input to User Name text box:  
2020-10-13 11:10:38,540 INFO  [Test] Input to Password text box:  
2020-10-13 11:10:38,648 INFO  [Test] Click on Login Button 
2020-10-13 11:10:40,511 INFO  [Test] <--------------------Testcase 001-------------------->
 
2020-10-13 11:10:40,512 INFO  [Test] Step: Click on New Article in Content Tab 
2020-10-13 11:10:47,685 INFO  [Test] Step: Input a title on 'Title' field 
2020-10-13 11:10:47,863 INFO  [Test] Step: Input value on 'Article Text' text area 
2020-10-13 11:10:48,016 INFO  [Test] Step: Click on 'Save & Close' icon of the top right toolbar 
2020-10-13 11:13:38,239 INFO  [Test] Close browser
 
2020-10-13 11:23:36,206 INFO  [Test] <--------------------Browser: chrome-------------------->
 
2020-10-13 11:23:41,132 INFO  [Test] Input to User Name text box:  
2020-10-13 11:23:41,294 INFO  [Test] Input to Password text box:  
2020-10-13 11:23:41,461 INFO  [Test] Click on Login Button 
2020-10-13 11:23:43,194 INFO  [Test] <--------------------Testcase 001-------------------->
 
2020-10-13 11:23:43,195 INFO  [Test] Step: Click on New Article in Content Tab 
2020-10-13 11:23:49,618 INFO  [Test] Step: Input a title on 'Title' field 
2020-10-13 11:23:49,872 INFO  [Test] Step: Input value on 'Article Text' text area 
2020-10-13 11:23:50,099 INFO  [Test] Step: Click on 'Save & Close' icon of the top right toolbar 
2020-10-13 11:24:06,131 INFO  [Test] Close browser
 
2020-10-13 11:24:11,900 INFO  [Test] <--------------------Browser: firefox-------------------->
 
2020-10-13 11:24:14,620 INFO  [Test] Input to User Name text box:  
2020-10-13 11:24:14,695 INFO  [Test] Input to Password text box:  
2020-10-13 11:24:14,760 INFO  [Test] Click on Login Button 
2020-10-13 11:24:17,180 INFO  [Test] <--------------------Testcase 001-------------------->
 
2020-10-13 11:24:17,181 INFO  [Test] Step: Click on New Article in Content Tab 
2020-10-13 11:24:50,968 INFO  [Test] Step: Input a title on 'Title' field 
2020-10-13 11:24:51,062 INFO  [Test] Step: Input value on 'Article Text' text area 
2020-10-13 11:24:51,182 INFO  [Test] Step: Click on 'Save & Close' icon of the top right toolbar 
2020-10-13 11:24:53,626 INFO  [Test] Close browser
 
2020-10-13 11:24:58,760 INFO  [Test] <--------------------Browser: edge-------------------->
 
2020-10-13 11:25:04,240 INFO  [Test] Input to User Name text box:  
2020-10-13 11:25:04,368 INFO  [Test] Input to Password text box:  
2020-10-13 11:25:04,542 INFO  [Test] Click on Login Button 
2020-10-13 11:25:06,205 INFO  [Test] <--------------------Testcase 001-------------------->
 
2020-10-13 11:25:06,206 INFO  [Test] Step: Click on New Article in Content Tab 
2020-10-13 11:25:14,085 INFO  [Test] Step: Input a title on 'Title' field 
2020-10-13 11:25:14,459 INFO  [Test] Step: Input value on 'Article Text' text area 
2020-10-13 11:25:14,669 INFO  [Test] Step: Click on 'Save & Close' icon of the top right toolbar 
2020-10-13 11:25:16,900 INFO  [Test] Close browser
 
2020-10-13 11:28:55,657 INFO  [Test] <--------------------Browser: chrome-------------------->
 
2020-10-13 11:30:11,129 INFO  [Test] Input to User Name text box:  
2020-10-13 11:30:23,267 INFO  [Test] <--------------------Browser: chrome-------------------->
 
2020-10-13 11:33:06,418 INFO  [Test] Input to User Name text box:  
2020-10-13 11:33:06,521 INFO  [Test] Input to Password text box:  
2020-10-13 11:33:06,610 INFO  [Test] Click on Login Button 
2020-10-13 11:33:45,761 INFO  [Test] <--------------------Testcase 001-------------------->
 
2020-10-13 11:33:45,761 INFO  [Test] Step: Click on New Article in Content Tab 
2020-10-13 11:38:45,897 INFO  [Test] Close browser
 
2020-10-13 11:38:51,073 INFO  [Test] <--------------------Browser: firefox-------------------->
 
2020-10-13 11:43:54,623 INFO  [Test] <--------------------Browser: edge-------------------->
 
2020-10-13 13:29:18,689 INFO  [Test] <--------------------Browser: chrome-------------------->
 
2020-10-13 13:29:24,257 INFO  [Test] Input to User Name text box:  
2020-10-13 13:29:24,396 INFO  [Test] Input to Password text box:  
2020-10-13 13:29:24,542 INFO  [Test] Click on Login Button 
2020-10-13 13:29:26,244 INFO  [Test] <--------------------Testcase 001-------------------->
 
2020-10-13 13:29:26,244 INFO  [Test] Step: Click on New Article in Content Tab 
2020-10-13 13:29:32,481 INFO  [Test] Step: Input a title on 'Title' field 
2020-10-13 13:29:32,675 INFO  [Test] Step: Input value on 'Article Text' text area 
2020-10-13 13:29:32,828 INFO  [Test] Step: Click on 'Save & Close' icon of the top right toolbar 
2020-10-13 13:29:34,892 INFO  [Test] Close browser
 
2020-10-13 13:29:40,586 INFO  [Test] <--------------------Browser: firefox-------------------->
 
2020-10-13 13:29:43,290 INFO  [Test] Input to User Name text box:  
2020-10-13 13:29:43,379 INFO  [Test] Input to Password text box:  
2020-10-13 13:29:43,438 INFO  [Test] Click on Login Button 
2020-10-13 13:29:45,117 INFO  [Test] <--------------------Testcase 001-------------------->
 
2020-10-13 13:29:45,117 INFO  [Test] Step: Click on New Article in Content Tab 
2020-10-13 13:29:51,439 INFO  [Test] Step: Input a title on 'Title' field 
2020-10-13 13:29:51,540 INFO  [Test] Step: Input value on 'Article Text' text area 
2020-10-13 13:29:51,676 INFO  [Test] Step: Click on 'Save & Close' icon of the top right toolbar 
2020-10-13 13:29:54,045 INFO  [Test] Close browser
 
2020-10-13 13:29:59,435 INFO  [Test] <--------------------Browser: edge-------------------->
 
2020-10-13 13:30:04,857 INFO  [Test] Input to User Name text box:  
2020-10-13 13:30:04,996 INFO  [Test] Input to Password text box:  
2020-10-13 13:30:05,177 INFO  [Test] Click on Login Button 
2020-10-13 13:30:06,882 INFO  [Test] <--------------------Testcase 001-------------------->
 
2020-10-13 13:30:06,883 INFO  [Test] Step: Click on New Article in Content Tab 
2020-10-13 13:30:13,423 INFO  [Test] Step: Input a title on 'Title' field 
2020-10-13 13:30:13,782 INFO  [Test] Step: Input value on 'Article Text' text area 
2020-10-13 13:30:13,983 INFO  [Test] Step: Click on 'Save & Close' icon of the top right toolbar 
2020-10-13 13:30:16,107 INFO  [Test] Close browser
 
2020-10-13 13:33:45,298 INFO  [Test] <--------------------Browser: chrome-------------------->
 
2020-10-13 13:33:52,188 INFO  [Test] Input to User Name text box:  
2020-10-13 13:33:52,394 INFO  [Test] Input to Password text box:  
2020-10-13 13:33:52,576 INFO  [Test] Click on Login Button 
2020-10-13 13:33:54,636 INFO  [Test] <--------------------Testcase 001-------------------->
 
2020-10-13 13:33:54,636 INFO  [Test] Step: Click on New Article in Content Tab 
2020-10-13 13:34:00,886 INFO  [Test] Step: Input a title on 'Title' field 
2020-10-13 13:34:01,079 INFO  [Test] Step: Input value on 'Article Text' text area 
2020-10-13 13:34:01,240 INFO  [Test] Step: Click on 'Save & Close' icon of the top right toolbar 
2020-10-13 13:34:03,437 INFO  [Test] Close browser
 
2020-10-13 13:34:09,118 INFO  [Test] <--------------------Browser: firefox-------------------->
 
2020-10-13 13:34:11,834 INFO  [Test] Input to User Name text box:  
2020-10-13 13:34:11,921 INFO  [Test] Input to Password text box:  
2020-10-13 13:34:11,973 INFO  [Test] Click on Login Button 
2020-10-13 13:34:13,509 INFO  [Test] <--------------------Testcase 001-------------------->
 
2020-10-13 13:34:13,524 INFO  [Test] Step: Click on New Article in Content Tab 
2020-10-13 13:34:19,740 INFO  [Test] Step: Input a title on 'Title' field 
2020-10-13 13:34:19,843 INFO  [Test] Step: Input value on 'Article Text' text area 
2020-10-13 13:34:19,967 INFO  [Test] Step: Click on 'Save & Close' icon of the top right toolbar 
2020-10-13 13:34:22,518 INFO  [Test] Close browser
 
2020-10-13 13:34:27,446 INFO  [Test] <--------------------Browser: edge-------------------->
 
2020-10-13 13:34:32,431 INFO  [Test] Input to User Name text box:  
2020-10-13 13:34:32,567 INFO  [Test] Input to Password text box:  
2020-10-13 13:34:32,742 INFO  [Test] Click on Login Button 
2020-10-13 13:34:34,410 INFO  [Test] <--------------------Testcase 001-------------------->
 
2020-10-13 13:34:34,410 INFO  [Test] Step: Click on New Article in Content Tab 
2020-10-13 13:34:40,251 INFO  [Test] Step: Input a title on 'Title' field 
2020-10-13 13:34:40,581 INFO  [Test] Step: Input value on 'Article Text' text area 
2020-10-13 13:34:40,797 INFO  [Test] Step: Click on 'Save & Close' icon of the top right toolbar 
2020-10-13 13:34:42,981 INFO  [Test] Close browser
 
2020-10-13 13:55:12,196 INFO  [Test] <--------------------Browser: chrome-------------------->
 
2020-10-13 13:55:17,018 INFO  [Test] Input to User Name text box:  
2020-10-13 13:55:17,170 INFO  [Test] Input to Password text box:  
2020-10-13 13:55:17,308 INFO  [Test] Click on Login Button 
2020-10-13 13:55:19,552 INFO  [Test] <--------------------Testcase 001-------------------->
 
2020-10-13 13:55:19,552 INFO  [Test] Step: Click on New Article in Content Tab 
2020-10-13 13:55:26,509 INFO  [Test] Step: Input a title on 'Title' field 
2020-10-13 13:55:26,690 INFO  [Test] Step: Input value on 'Article Text' text area 
2020-10-13 13:55:26,850 INFO  [Test] Step: Click on 'Save & Close' icon of the top right toolbar 
2020-10-13 13:55:29,127 INFO  [Test] Navigate to Article manager page 
2020-10-13 13:55:30,347 INFO  [Test] Close browser
 
2020-10-13 13:55:35,935 INFO  [Test] <--------------------Browser: firefox-------------------->
 
2020-10-13 13:55:38,633 INFO  [Test] Input to User Name text box:  
2020-10-13 13:55:38,714 INFO  [Test] Input to Password text box:  
2020-10-13 13:55:38,767 INFO  [Test] Click on Login Button 
2020-10-13 13:55:40,334 INFO  [Test] <--------------------Testcase 001-------------------->
 
2020-10-13 13:55:40,336 INFO  [Test] Step: Click on New Article in Content Tab 
2020-10-13 13:56:09,760 INFO  [Test] <--------------------Browser: chrome-------------------->
 
2020-10-13 13:56:14,591 INFO  [Test] Input to User Name text box:  
2020-10-13 13:56:14,720 INFO  [Test] Input to Password text box:  
2020-10-13 13:56:14,890 INFO  [Test] Click on Login Button 
2020-10-13 13:56:15,526 INFO  [Test] <--------------------Testcase 001-------------------->
 
2020-10-13 13:56:15,527 INFO  [Test] Step: Click on New Article in Content Tab 
2020-10-13 13:56:15,591 INFO  [Test] Close browser
 
2020-10-13 13:56:21,144 INFO  [Test] <--------------------Browser: firefox-------------------->
 
2020-10-13 13:56:24,985 INFO  [Test] Input to User Name text box:  
2020-10-13 13:56:25,114 INFO  [Test] Input to Password text box:  
2020-10-13 13:56:25,195 INFO  [Test] Click on Login Button 
2020-10-13 13:56:25,913 INFO  [Test] <--------------------Testcase 001-------------------->
 
2020-10-13 13:56:25,913 INFO  [Test] Step: Click on New Article in Content Tab 
2020-10-13 13:56:25,947 INFO  [Test] Close browser
 
2020-10-13 13:57:47,054 INFO  [Test] <--------------------Browser: chrome-------------------->
 
2020-10-13 13:57:52,157 INFO  [Test] Input to User Name text box:  
2020-10-13 13:57:52,256 INFO  [Test] Input to Password text box:  
2020-10-13 13:57:52,359 INFO  [Test] Click on Login Button 
2020-10-13 13:57:54,078 INFO  [Test] <--------------------Testcase 001-------------------->
 
2020-10-13 13:57:54,079 INFO  [Test] Step: Click on New Article in Content Tab 
2020-10-13 13:58:01,013 INFO  [Test] Step: Input a title on 'Title' field 
2020-10-13 13:58:01,212 INFO  [Test] Step: Input value on 'Article Text' text area 
2020-10-13 13:58:01,363 INFO  [Test] Step: Click on 'Save & Close' icon of the top right toolbar 
2020-10-13 13:58:03,507 INFO  [Test] Navigate to Article manager page 
2020-10-13 13:58:04,696 INFO  [Test] Close browser
 
2020-10-13 13:58:10,860 INFO  [Test] <--------------------Browser: firefox-------------------->
 
2020-10-13 13:58:18,691 INFO  [Test] Input to User Name text box:  
2020-10-13 13:58:18,780 INFO  [Test] Input to Password text box:  
2020-10-13 13:58:18,876 INFO  [Test] Click on Login Button 
2020-10-13 13:58:20,614 INFO  [Test] <--------------------Testcase 001-------------------->
 
2020-10-13 13:58:20,617 INFO  [Test] Step: Click on New Article in Content Tab 
2020-10-13 13:58:29,098 INFO  [Test] Step: Input a title on 'Title' field 
2020-10-13 13:58:29,201 INFO  [Test] Step: Input value on 'Article Text' text area 
2020-10-13 13:58:29,336 INFO  [Test] Step: Click on 'Save & Close' icon of the top right toolbar 
2020-10-13 13:58:31,702 INFO  [Test] Navigate to Article manager page 
2020-10-13 13:58:33,196 INFO  [Test] Close browser
 
2020-10-13 13:58:38,235 INFO  [Test] <--------------------Browser: edge-------------------->
 
2020-10-13 13:58:43,358 INFO  [Test] Input to User Name text box:  
2020-10-13 13:58:43,442 INFO  [Test] Input to Password text box:  
2020-10-13 13:58:43,541 INFO  [Test] Click on Login Button 
2020-10-13 13:58:45,314 INFO  [Test] <--------------------Testcase 001-------------------->
 
2020-10-13 13:58:45,315 INFO  [Test] Step: Click on New Article in Content Tab 
2020-10-13 13:58:51,568 INFO  [Test] Step: Input a title on 'Title' field 
2020-10-13 13:58:52,131 INFO  [Test] Step: Input value on 'Article Text' text area 
2020-10-13 13:58:52,329 INFO  [Test] Step: Click on 'Save & Close' icon of the top right toolbar 
2020-10-13 13:58:54,552 INFO  [Test] Navigate to Article manager page 
2020-10-13 13:58:55,679 INFO  [Test] Close browser
 
2020-10-13 14:03:14,830 INFO  [Test] <--------------------Browser: chrome-------------------->
 
2020-10-13 14:03:21,096 INFO  [Test] Input to User Name text box:  
2020-10-13 14:03:21,225 INFO  [Test] Input to Password text box:  
2020-10-13 14:03:21,335 INFO  [Test] Click on Login Button 
2020-10-13 14:03:22,974 INFO  [Test] <--------------------Testcase 001-------------------->
 
2020-10-13 14:03:22,974 INFO  [Test] Step: Click on New Article in Content Tab 
2020-10-13 14:03:29,737 INFO  [Test] Step: Input a title on 'Title' field 
2020-10-13 14:03:29,913 INFO  [Test] Step: Input value on 'Article Text' text area 
2020-10-13 14:03:30,068 INFO  [Test] Step: Click on 'Save & Close' icon of the top right toolbar 
2020-10-13 14:03:33,308 INFO  [Test] Navigate to Article manager page 
2020-10-13 14:03:34,474 INFO  [Test] Close browser
 
2020-10-13 14:04:13,014 INFO  [Test] <--------------------Browser: chrome-------------------->
 
2020-10-13 14:04:17,799 INFO  [Test] Input to User Name text box:  
2020-10-13 14:04:17,911 INFO  [Test] Input to Password text box:  
2020-10-13 14:04:18,018 INFO  [Test] Click on Login Button 
2020-10-13 14:04:20,892 INFO  [Test] <--------------------Testcase 001-------------------->
 
2020-10-13 14:04:20,892 INFO  [Test] Step: Click on New Article in Content Tab 
2020-10-13 14:04:27,540 INFO  [Test] Step: Input a title on 'Title' field 
2020-10-13 14:04:27,726 INFO  [Test] Step: Input value on 'Article Text' text area 
2020-10-13 14:04:27,881 INFO  [Test] Step: Click on 'Save & Close' icon of the top right toolbar 
2020-10-13 14:04:30,148 INFO  [Test] Close browser
 
2020-10-13 14:06:14,349 INFO  [Test] <--------------------Browser: chrome-------------------->
 
2020-10-13 14:06:19,903 INFO  [Test] Input to User Name text box:  
2020-10-13 14:06:20,019 INFO  [Test] Input to Password text box:  
2020-10-13 14:06:20,137 INFO  [Test] Click on Login Button 
2020-10-13 14:06:21,833 INFO  [Test] <--------------------Testcase 001-------------------->
 
2020-10-13 14:06:21,833 INFO  [Test] Step: Click on New Article in Content Tab 
2020-10-13 14:06:28,253 INFO  [Test] Step: Input a title on 'Title' field 
2020-10-13 14:06:28,422 INFO  [Test] Step: Input value on 'Article Text' text area 
2020-10-13 14:06:28,581 INFO  [Test] Step: Click on 'Save & Close' icon of the top right toolbar 
2020-10-13 14:06:30,694 INFO  [Test] Navigate to Article manager page 
2020-10-13 14:06:32,195 INFO  [Test] Close browser
 
2020-10-13 14:06:37,868 INFO  [Test] <--------------------Browser: firefox-------------------->
 
2020-10-13 14:06:40,627 INFO  [Test] Input to User Name text box:  
2020-10-13 14:06:40,724 INFO  [Test] Input to Password text box:  
2020-10-13 14:06:40,782 INFO  [Test] Click on Login Button 
2020-10-13 14:06:42,285 INFO  [Test] <--------------------Testcase 001-------------------->
 
2020-10-13 14:06:42,287 INFO  [Test] Step: Click on New Article in Content Tab 
2020-10-13 14:06:48,919 INFO  [Test] Step: Input a title on 'Title' field 
2020-10-13 14:06:49,027 INFO  [Test] Step: Input value on 'Article Text' text area 
2020-10-13 14:06:49,153 INFO  [Test] Step: Click on 'Save & Close' icon of the top right toolbar 
2020-10-13 14:06:51,531 INFO  [Test] Navigate to Article manager page 
2020-10-13 14:06:52,800 INFO  [Test] Close browser
 
2020-10-13 14:06:57,899 INFO  [Test] <--------------------Browser: edge-------------------->
 
2020-10-13 14:07:03,182 INFO  [Test] Input to User Name text box:  
2020-10-13 14:07:03,315 INFO  [Test] Input to Password text box:  
2020-10-13 14:07:03,500 INFO  [Test] Click on Login Button 
2020-10-13 14:07:05,242 INFO  [Test] <--------------------Testcase 001-------------------->
 
2020-10-13 14:07:05,243 INFO  [Test] Step: Click on New Article in Content Tab 
2020-10-13 14:07:11,699 INFO  [Test] Step: Input a title on 'Title' field 
2020-10-13 14:07:12,112 INFO  [Test] Step: Input value on 'Article Text' text area 
2020-10-13 14:07:12,374 INFO  [Test] Step: Click on 'Save & Close' icon of the top right toolbar 
2020-10-13 14:07:14,544 INFO  [Test] Navigate to Article manager page 
2020-10-13 14:07:15,660 INFO  [Test] Close browser
 
2020-10-13 14:26:48,657 INFO  [Test] <--------------------Browser: chrome-------------------->
 
2020-10-13 14:26:50,795 INFO  [Test] Navigate to JOOMLA Home Page 
2020-10-13 14:26:55,090 INFO  [Test] Input to User Name text box:  
2020-10-13 14:26:55,213 INFO  [Test] Input to Password text box:  
2020-10-13 14:26:55,307 INFO  [Test] Click on Login Button 
2020-10-13 14:26:56,983 INFO  [Test] <--------------------Testcase 001-------------------->
 
2020-10-13 14:26:56,984 INFO  [Test] Step: Click on New Article in Content Tab 
2020-10-13 14:27:05,829 INFO  [Test] Step: Input a title on 'Title' field 
2020-10-13 14:27:06,000 INFO  [Test] Step: Input value on 'Article Text' text area 
2020-10-13 14:27:06,154 INFO  [Test] Step: Click on 'Save & Close' icon of the top right toolbar 
2020-10-13 14:27:08,387 INFO  [Test] Navigate to Article manager page 
2020-10-13 14:27:09,129 INFO  [Test] Step: Click on Articles in Content Tab 
2020-10-13 14:27:10,558 INFO  [Test] Close browser
 
2020-10-13 14:27:16,531 INFO  [Test] <--------------------Browser: firefox-------------------->
 
2020-10-13 14:27:16,541 INFO  [Test] Navigate to JOOMLA Home Page 
2020-10-13 14:27:19,247 INFO  [Test] Input to User Name text box:  
2020-10-13 14:27:19,326 INFO  [Test] Input to Password text box:  
2020-10-13 14:27:19,383 INFO  [Test] Click on Login Button 
2020-10-13 14:27:20,888 INFO  [Test] <--------------------Testcase 001-------------------->
 
2020-10-13 14:27:20,888 INFO  [Test] Step: Click on New Article in Content Tab 
2020-10-13 14:27:27,358 INFO  [Test] Step: Input a title on 'Title' field 
2020-10-13 14:27:27,454 INFO  [Test] Step: Input value on 'Article Text' text area 
2020-10-13 14:27:27,585 INFO  [Test] Step: Click on 'Save & Close' icon of the top right toolbar 
2020-10-13 14:27:30,250 INFO  [Test] Navigate to Article manager page 
2020-10-13 14:27:31,011 INFO  [Test] Step: Click on Articles in Content Tab 
2020-10-13 14:27:32,652 INFO  [Test] Close browser
 
2020-10-13 14:27:37,528 INFO  [Test] <--------------------Browser: edge-------------------->
 
2020-10-13 14:27:39,672 INFO  [Test] Navigate to JOOMLA Home Page 
2020-10-13 14:27:42,649 INFO  [Test] Input to User Name text box:  
2020-10-13 14:27:42,774 INFO  [Test] Input to Password text box:  
2020-10-13 14:27:42,922 INFO  [Test] Click on Login Button 
2020-10-13 14:27:44,520 INFO  [Test] <--------------------Testcase 001-------------------->
 
2020-10-13 14:27:44,520 INFO  [Test] Step: Click on New Article in Content Tab 
2020-10-13 14:27:50,752 INFO  [Test] Step: Input a title on 'Title' field 
2020-10-13 14:27:51,141 INFO  [Test] Step: Input value on 'Article Text' text area 
2020-10-13 14:27:51,390 INFO  [Test] Step: Click on 'Save & Close' icon of the top right toolbar 
2020-10-13 14:27:53,508 INFO  [Test] Navigate to Article manager page 
2020-10-13 14:27:54,118 INFO  [Test] Step: Click on Articles in Content Tab 
2020-10-13 14:27:55,311 INFO  [Test] Close browser
 
2020-10-13 14:40:27,266 INFO  [Test] <--------------------Browser: chrome-------------------->
 
2020-10-13 14:40:29,400 INFO  [Test] Navigate to JOOMLA Home Page 
2020-10-13 14:40:32,254 INFO  [Test] Input to User Name text box:  
2020-10-13 14:40:32,379 INFO  [Test] Input to Password text box:  
2020-10-13 14:40:32,488 INFO  [Test] Click on Login Button 
2020-10-13 14:40:34,143 INFO  [Test] <--------------------Testcase 008-------------------->
 
2020-10-13 14:40:34,144 INFO  [Test] Navigate to Article manager page 
2020-10-13 14:40:34,744 INFO  [Test] Step: Click on Articles in Content Tab 
2020-10-13 14:40:36,130 INFO  [Test] Close browser
 
2020-10-13 14:41:16,233 INFO  [Test] <--------------------Browser: chrome-------------------->
 
2020-10-13 14:41:18,386 INFO  [Test] Navigate to JOOMLA Home Page 
2020-10-13 14:41:21,657 INFO  [Test] Input to User Name text box:  
2020-10-13 14:41:21,797 INFO  [Test] Input to Password text box:  
2020-10-13 14:41:21,894 INFO  [Test] Click on Login Button 
2020-10-13 14:41:23,502 INFO  [Test] <--------------------Testcase 008-------------------->
 
2020-10-13 14:41:23,503 INFO  [Test] Navigate to Article manager page 
2020-10-13 14:41:24,099 INFO  [Test] Step: Click on Articles in Content Tab 
2020-10-13 14:41:30,614 INFO  [Test] Step: Click on 'Help' icon of the top right toolbar 
2020-10-13 14:42:19,854 INFO  [Test] Close browser
 
2020-10-13 14:42:26,029 INFO  [Test] <--------------------Browser: firefox-------------------->
 
2020-10-13 14:42:26,045 INFO  [Test] Navigate to JOOMLA Home Page 
2020-10-13 14:42:28,752 INFO  [Test] Input to User Name text box:  
2020-10-13 14:42:28,833 INFO  [Test] Input to Password text box:  
2020-10-13 14:42:28,893 INFO  [Test] Click on Login Button 
2020-10-13 14:42:30,429 INFO  [Test] <--------------------Testcase 008-------------------->
 
2020-10-13 14:42:30,432 INFO  [Test] Navigate to Article manager page 
2020-10-13 14:42:31,176 INFO  [Test] Step: Click on Articles in Content Tab 
2020-10-13 14:42:40,325 INFO  [Test] Step: Click on 'Help' icon of the top right toolbar 
2020-10-13 14:42:49,319 INFO  [Test] Close browser
 
2020-10-13 14:42:54,557 INFO  [Test] <--------------------Browser: edge-------------------->
 
2020-10-13 14:42:56,694 INFO  [Test] Navigate to JOOMLA Home Page 
2020-10-13 14:43:00,048 INFO  [Test] Input to User Name text box:  
2020-10-13 14:43:00,179 INFO  [Test] Input to Password text box:  
2020-10-13 14:43:00,314 INFO  [Test] Click on Login Button 
2020-10-13 14:43:01,942 INFO  [Test] <--------------------Testcase 008-------------------->
 
2020-10-13 14:43:01,942 INFO  [Test] Navigate to Article manager page 
2020-10-13 14:43:02,540 INFO  [Test] Step: Click on Articles in Content Tab 
2020-10-13 14:43:05,747 INFO  [Test] Step: Click on 'Help' icon of the top right toolbar 
2020-10-13 14:43:11,733 INFO  [Test] Close browser
 
2020-10-13 14:43:32,276 INFO  [Test] <--------------------Browser: chrome-------------------->
 
2020-10-13 14:43:34,416 INFO  [Test] Navigate to JOOMLA Home Page 
2020-10-13 14:43:38,456 INFO  [Test] Input to User Name text box:  
2020-10-13 14:43:38,584 INFO  [Test] Input to Password text box:  
2020-10-13 14:43:38,691 INFO  [Test] Click on Login Button 
2020-10-13 14:43:40,404 INFO  [Test] <--------------------Testcase 008-------------------->
 
2020-10-13 14:43:40,404 INFO  [Test] Navigate to Article manager page 
2020-10-13 14:43:40,976 INFO  [Test] Step: Click on Articles in Content Tab 
2020-10-13 14:43:42,455 INFO  [Test] Step: Click on 'Help' icon of the top right toolbar 
2020-10-13 14:43:43,600 INFO  [Test] Close browser
 
2020-10-13 14:43:48,960 INFO  [Test] <--------------------Browser: firefox-------------------->
 
2020-10-13 14:43:49,012 INFO  [Test] Navigate to JOOMLA Home Page 
2020-10-13 14:43:51,709 INFO  [Test] Input to User Name text box:  
2020-10-13 14:43:51,791 INFO  [Test] Input to Password text box:  
2020-10-13 14:43:51,841 INFO  [Test] Click on Login Button 
2020-10-13 14:43:53,504 INFO  [Test] <--------------------Testcase 008-------------------->
 
2020-10-13 14:43:53,505 INFO  [Test] Navigate to Article manager page 
2020-10-13 14:43:54,217 INFO  [Test] Step: Click on Articles in Content Tab 
2020-10-13 14:43:55,689 INFO  [Test] Step: Click on 'Help' icon of the top right toolbar 
2020-10-13 14:43:56,302 INFO  [Test] Close browser
 
2020-10-13 14:44:00,848 INFO  [Test] <--------------------Browser: edge-------------------->
 
2020-10-13 14:44:03,014 INFO  [Test] Navigate to JOOMLA Home Page 
2020-10-13 14:44:06,319 INFO  [Test] Input to User Name text box:  
2020-10-13 14:44:06,433 INFO  [Test] Input to Password text box:  
2020-10-13 14:44:06,531 INFO  [Test] Click on Login Button 
2020-10-13 14:44:08,312 INFO  [Test] <--------------------Testcase 008-------------------->
 
2020-10-13 14:44:08,313 INFO  [Test] Navigate to Article manager page 
2020-10-13 14:44:08,942 INFO  [Test] Step: Click on Articles in Content Tab 
2020-10-13 14:44:15,637 INFO  [Test] Step: Click on 'Help' icon of the top right toolbar 
2020-10-13 14:44:18,195 INFO  [Test] Close browser
 
2020-10-13 14:49:25,695 INFO  [Test] <--------------------Browser: chrome-------------------->
 
2020-10-13 14:49:27,826 INFO  [Test] Navigate to JOOMLA Home Page 
2020-10-13 14:49:32,738 INFO  [Test] Input to User Name text box:  
2020-10-13 14:49:32,825 INFO  [Test] Input to Password text box:  
2020-10-13 14:49:32,923 INFO  [Test] Click on Login Button 
2020-10-13 14:49:34,574 INFO  [Test] <--------------------Testcase 008-------------------->
 
2020-10-13 14:49:34,575 INFO  [Test] Navigate to Article manager page 
2020-10-13 14:49:35,148 INFO  [Test] Step: Click on Articles in Content Tab 
2020-10-13 14:49:36,576 INFO  [Test] Step: Click on 'Help' icon of the top right toolbar 
2020-10-13 14:49:37,735 INFO  [Test] Close browser
 
2020-10-13 14:49:43,233 INFO  [Test] <--------------------Browser: firefox-------------------->
 
2020-10-13 14:49:43,243 INFO  [Test] Navigate to JOOMLA Home Page 
2020-10-13 14:49:45,949 INFO  [Test] Input to User Name text box:  
2020-10-13 14:49:46,037 INFO  [Test] Input to Password text box:  
2020-10-13 14:49:46,092 INFO  [Test] Click on Login Button 
2020-10-13 14:49:47,814 INFO  [Test] <--------------------Testcase 008-------------------->
 
2020-10-13 14:49:47,818 INFO  [Test] Navigate to Article manager page 
2020-10-13 14:49:48,554 INFO  [Test] Step: Click on Articles in Content Tab 
2020-10-13 14:49:50,250 INFO  [Test] Step: Click on 'Help' icon of the top right toolbar 
2020-10-13 14:49:50,864 INFO  [Test] Close browser
 
2020-10-13 14:49:55,731 INFO  [Test] <--------------------Browser: edge-------------------->
 
2020-10-13 14:49:57,877 INFO  [Test] Navigate to JOOMLA Home Page 
2020-10-13 14:50:01,052 INFO  [Test] Input to User Name text box:  
2020-10-13 14:50:01,164 INFO  [Test] Input to Password text box:  
2020-10-13 14:50:01,267 INFO  [Test] Click on Login Button 
2020-10-13 14:50:02,939 INFO  [Test] <--------------------Testcase 008-------------------->
 
2020-10-13 14:50:02,939 INFO  [Test] Navigate to Article manager page 
2020-10-13 14:50:03,538 INFO  [Test] Step: Click on Articles in Content Tab 
2020-10-13 14:50:04,923 INFO  [Test] Step: Click on 'Help' icon of the top right toolbar 
2020-10-13 14:50:07,725 INFO  [Test] Close browser
 
2020-10-13 14:52:00,240 INFO  [Test] <--------------------Browser: chrome-------------------->
 
2020-10-13 14:52:02,378 INFO  [Test] Navigate to JOOMLA Home Page 
2020-10-13 14:52:05,047 INFO  [Test] Input to User Name text box:  
2020-10-13 14:52:05,165 INFO  [Test] Input to Password text box:  
2020-10-13 14:52:05,326 INFO  [Test] Click on Login Button 
2020-10-13 14:52:07,113 INFO  [Test] <--------------------Testcase 008-------------------->
 
2020-10-13 14:52:07,114 INFO  [Test] Navigate to Article manager page 
2020-10-13 14:52:07,738 INFO  [Test] Step: Click on Articles in Content Tab 
2020-10-13 14:52:09,162 INFO  [Test] Step: Click on 'Help' icon of the top right toolbar 
2020-10-13 14:52:54,937 INFO  [Test] <--------------------Browser: chrome-------------------->
 
2020-10-13 14:52:57,082 INFO  [Test] Navigate to JOOMLA Home Page 
2020-10-13 14:53:01,347 INFO  [Test] Input to User Name text box:  
2020-10-13 14:53:01,465 INFO  [Test] Input to Password text box:  
2020-10-13 14:53:01,561 INFO  [Test] Click on Login Button 
2020-10-13 14:53:03,142 INFO  [Test] <--------------------Testcase 008-------------------->
 
2020-10-13 14:53:03,142 INFO  [Test] Navigate to Article manager page 
2020-10-13 14:53:03,734 INFO  [Test] Step: Click on Articles in Content Tab 
2020-10-13 14:53:05,108 INFO  [Test] Step: Click on 'Help' icon of the top right toolbar 
2020-10-13 14:53:35,401 INFO  [Test] Close browser
 
2020-10-13 14:53:41,015 INFO  [Test] <--------------------Browser: firefox-------------------->
 
2020-10-13 14:53:41,027 INFO  [Test] Navigate to JOOMLA Home Page 
2020-10-13 14:53:43,725 INFO  [Test] Input to User Name text box:  
2020-10-13 14:53:43,821 INFO  [Test] Input to Password text box:  
2020-10-13 14:53:43,875 INFO  [Test] Click on Login Button 
2020-10-13 14:53:45,397 INFO  [Test] <--------------------Testcase 008-------------------->
 
2020-10-13 14:53:45,399 INFO  [Test] Navigate to Article manager page 
2020-10-13 14:53:46,156 INFO  [Test] Step: Click on Articles in Content Tab 
2020-10-13 14:53:47,917 INFO  [Test] Step: Click on 'Help' icon of the top right toolbar 
2020-10-13 14:54:18,108 INFO  [Test] Close browser
 
2020-10-13 14:54:22,977 INFO  [Test] <--------------------Browser: edge-------------------->
 
2020-10-13 14:54:25,164 INFO  [Test] Navigate to JOOMLA Home Page 
2020-10-13 14:54:27,972 INFO  [Test] Input to User Name text box:  
2020-10-13 14:54:28,109 INFO  [Test] Input to Password text box:  
2020-10-13 14:54:28,305 INFO  [Test] Click on Login Button 
2020-10-13 14:54:30,066 INFO  [Test] <--------------------Testcase 008-------------------->
 
2020-10-13 14:54:30,067 INFO  [Test] Navigate to Article manager page 
2020-10-13 14:54:30,704 INFO  [Test] Step: Click on Articles in Content Tab 
2020-10-13 14:54:32,228 INFO  [Test] Step: Click on 'Help' icon of the top right toolbar 
2020-10-13 14:54:58,366 INFO  [Test] <--------------------Browser: chrome-------------------->
 
2020-10-13 14:55:00,517 INFO  [Test] Navigate to JOOMLA Home Page 
2020-10-13 14:55:06,096 INFO  [Test] Input to User Name text box:  
2020-10-13 14:55:06,222 INFO  [Test] Input to Password text box:  
2020-10-13 14:55:06,357 INFO  [Test] Click on Login Button 
2020-10-13 14:55:08,636 INFO  [Test] <--------------------Testcase 008-------------------->
 
2020-10-13 14:55:08,637 INFO  [Test] Navigate to Article manager page 
2020-10-13 14:55:09,470 INFO  [Test] Step: Click on Articles in Content Tab 
2020-10-13 14:55:11,905 INFO  [Test] Step: Click on 'Help' icon of the top right toolbar 
2020-10-13 14:55:14,482 INFO  [Test] Close browser
 
2020-10-13 14:55:19,672 INFO  [Test] <--------------------Browser: firefox-------------------->
 
2020-10-13 14:55:19,704 INFO  [Test] Navigate to JOOMLA Home Page 
2020-10-13 14:55:22,481 INFO  [Test] Input to User Name text box:  
2020-10-13 14:55:22,578 INFO  [Test] Input to Password text box:  
2020-10-13 14:55:22,634 INFO  [Test] Click on Login Button 
2020-10-13 14:55:24,911 INFO  [Test] <--------------------Testcase 008-------------------->
 
2020-10-13 14:55:24,913 INFO  [Test] Navigate to Article manager page 
2020-10-13 14:55:25,649 INFO  [Test] Step: Click on Articles in Content Tab 
2020-10-13 14:55:27,344 INFO  [Test] Step: Click on 'Help' icon of the top right toolbar 
2020-10-13 14:55:27,976 INFO  [Test] Close browser
 
2020-10-13 14:55:32,625 INFO  [Test] <--------------------Browser: edge-------------------->
 
2020-10-13 14:55:34,781 INFO  [Test] Navigate to JOOMLA Home Page 
2020-10-13 14:55:45,094 INFO  [Test] Input to User Name text box:  
2020-10-13 14:55:45,228 INFO  [Test] Input to Password text box:  
2020-10-13 14:55:45,356 INFO  [Test] Click on Login Button 
2020-10-13 14:55:47,968 INFO  [Test] <--------------------Testcase 008-------------------->
 
2020-10-13 14:55:47,969 INFO  [Test] Navigate to Article manager page 
2020-10-13 14:55:48,567 INFO  [Test] Step: Click on Articles in Content Tab 
2020-10-13 14:55:49,977 INFO  [Test] Step: Click on 'Help' icon of the top right toolbar 
2020-10-13 14:55:52,459 INFO  [Test] Close browser
 
